<?xml version="1.0" encoding="UTF-8"?>
<!-- Generated by org.testng.reporters.JUnitReportReporter -->
<testsuite hostname="DESKTOP-D0JLFQF" failures="0" tests="6" name="swaglab_DDF_07.SwagLabTestNG" time="33.565" errors="0" timestamp="2023-01-12T20:19:14 IST" skipped="1">
  <testcase classname="swaglab_DDF_07.SwagLabTestNG" name="verifylog" time="6.456"/>
  <system-out/>
  <testcase classname="swaglab_DDF_07.SwagLabTestNG" name="verifySwagLabHomePageAddtoCartRemovebutton" time="6.932"/>
  <system-out/>
  <testcase classname="swaglab_DDF_07.SwagLabTestNG" name="verifySawgLabHomeListBOxA_Z" time="6.724"/>
  <system-out/>
  <testcase classname="swaglab_DDF_07.SwagLabTestNG" name="verifySwagLabCartPageTitle" time="6.611"/>
  <system-out/>
  <testcase classname="swaglab_DDF_07.SwagLabTestNG" name="verifySwagLabCheKOutErrorOnSumbitButn" time="6.842"/>
  <system-out/>
  <testcase classname="swaglab_DDF_07.SwagLabTestNG" name="verifySwagLabChekoutPageTiltle">
    <skipped/>
  </testcase> <!-- verifySwagLabChekoutPageTiltle -->
  <system-out/>
</testsuite> <!-- swaglab_DDF_07.SwagLabTestNG -->
