<?xml version="1.0" encoding="UTF-8"?>
<!-- Generated by org.testng.reporters.JUnitReportReporter -->
<testsuite hostname="DESKTOP-D0JLFQF" failures="0" tests="1" name="swaglab_DDF_01.SwagLAbTest_Base_And_Utility" time="8.181" errors="0" timestamp="2023-01-17T22:00:21 IST" skipped="0">
  <testcase classname="swaglab_DDF_01.SwagLAbTest_Base_And_Utility" name="verifylogo" time="8.181"/>
  <system-out/>
</testsuite> <!-- swaglab_DDF_01.SwagLAbTest_Base_And_Utility -->
