<?xml version="1.0" encoding="UTF-8"?>
<!-- Generated by org.testng.reporters.JUnitReportReporter -->
<testsuite hostname="DESKTOP-D0JLFQF" failures="0" tests="6" name="swaglab_DDF_03.ClassTestNG" time="76.813" errors="0" timestamp="2023-01-13T16:07:35 IST" skipped="0">
  <testcase classname="swaglab_DDF_03.ClassTestNG" name="verifySwagLabHomePageLogo" time="1.116"/>
  <system-out/>
  <testcase classname="swaglab_DDF_03.ClassTestNG" name="verifySwagLabHomePageLogo" time="21.118"/>
  <system-out/>
  <testcase classname="swaglab_DDF_03.ClassTestNG" name="verifySwagLabHomePageLogo" time="28.404"/>
  <system-out/>
  <testcase classname="swaglab_DDF_03.ClassTestNG" name="verifySwagLabHomeAddCartbutton" time="1.284"/>
  <system-out/>
  <testcase classname="swaglab_DDF_03.ClassTestNG" name="verifySwagLabHomeAddCartbutton" time="23.463"/>
  <system-out/>
  <testcase classname="swaglab_DDF_03.ClassTestNG" name="verifySwagLabHomeAddCartbutton" time="1.428"/>
  <system-out/>
</testsuite> <!-- swaglab_DDF_03.ClassTestNG -->
