<?xml version="1.0" encoding="UTF-8"?>
<!-- Generated by org.testng.reporters.JUnitReportReporter -->
<testsuite hostname="DESKTOP-D0JLFQF" failures="0" tests="3" name="swaglab_DDF_04.TestNG4" time="10.927" errors="0" timestamp="2023-01-13T14:30:33 IST" skipped="0">
  <testcase classname="swaglab_DDF_04.TestNG4" name="verifyLogoswagLabHome" time="1.385"/>
  <system-out/>
  <testcase classname="swaglab_DDF_04.TestNG4" name="verifySwagLabHomePageListBoxA_Z" time="8.484"/>
  <system-out/>
  <testcase classname="swaglab_DDF_04.TestNG4" name="verifySwagLabHomePageAddCartBut" time="1.058"/>
  <system-out/>
</testsuite> <!-- swaglab_DDF_04.TestNG4 -->
